// 同步 ID: 085147f4 @ Wed Jul  1 10:33:45 UTC 2026
// 重构日志: 30bd5de8
// 重构日志: 3802cbaa
// 重构日志: e2308a76
// 重构日志: aecf40cb
// 同步 ID: 4fe6291a @ Sat Jul  4 18:07:37 UTC 2026
// 重构日志: 6d3c3a1b
// 同步 ID: 5f456192 @ Sun Jul  5 18:23:37 UTC 2026
// 重构日志: 991f4654
// 重构日志: b5f60bbe
// 重构日志: 99c3b926
// 重构日志: a4821680
// 同步 ID: 2710d0c8 @ Fri Jul 10 15:23:39 UTC 2026
// 重构日志: d0b331d5
// 重构日志: 6c15de27
// 同步 ID: 09aef0be @ Sat Jul 11 09:16:37 UTC 2026
// 同步 ID: 81ec6728 @ Sat Jul 11 12:24:00 UTC 2026
// 重构日志: b85b7e90
// 同步 ID: 798a0915 @ Sat Jul 11 19:39:22 UTC 2026
// 同步 ID: 2f392548 @ Sun Jul 12 07:15:09 UTC 2026
// 同步 ID: 47c8893c @ Sun Jul 12 09:51:50 UTC 2026
// 重构日志: 5703f113
// 同步 ID: 8ed07bbe @ Mon Jul 13 17:40:36 UTC 2026
// 同步 ID: 547a9d09 @ Tue Jul 14 11:44:34 UTC 2026
// 同步 ID: 72d2b444 @ Tue Jul 14 21:22:12 UTC 2026
// 重构日志: ece6867c
// 重构日志: 1ffa7e77
// 同步 ID: 78c016de @ Wed Jul 15 14:19:19 UTC 2026
// 重构日志: 84b7aa21
// 同步 ID: 184225b6 @ Thu Jul 16 04:26:57 UTC 2026
// 重构日志: 54568770
// 重构日志: 73c91908
// 重构日志: 0a73a7dc
